Using pre-set license
Built from '2020.3/release' branch; Version is '2020.3.7f1 (dd97f2c94397) revision 14522354'; Using compiler version '192528614'; Build Type 'Release'
OS: 'Windows 7  (6.1.0) 64bit' Language: 'ko' Physical Memory: 12171 MB
BatchMode: 1, IsHumanControllingUs: 0, StartBugReporterOnCrash: 0, Is64bit: 1, IsPro: 0

 COMMAND LINE ARGUMENTS:
D:\Unity\2020.3.7f1\Editor\Unity.exe
-adb2
-batchMode
-noUpm
-name
AssetImportWorker0
-projectPath
D:/UnityProject/GitHub/Practice/Prac_Bubble
-logFile
Logs/AssetImportWorker0.log
-srvPort
10767
Successfully changed project path to: D:/UnityProject/GitHub/Practice/Prac_Bubble
D:/UnityProject/GitHub/Practice/Prac_Bubble
Using Asset Import Pipeline V2.
Refreshing native plugins compatible for Editor in 42.10 ms, found 1 plugins.
Preloading 0 native plugins for Editor in 0.00 ms.
Initialize engine version: 2020.3.7f1 (dd97f2c94397)
[Subsystems] Discovering subsystems at path D:/Unity/2020.3.7f1/Editor/Data/Resources/UnitySubsystems
[Subsystems] Discovering subsystems at path D:/UnityProject/GitHub/Practice/Prac_Bubble/Assets
GfxDevice: creating device client; threaded=0
d3d11: CreateDXGIFactory2(...) not found, fallbacking to CreateDXGIFactory1(...).
d3d11: QueryInterface(IDXGIFactory5) failed (80004002).
Direct3D:
    Version:  Direct3D 11.0 [level 11.0]
    Renderer: NVIDIA GeForce GTX 1060 3GB (ID=0x1b84)
    Vendor:   
    VRAM:     2977 MB
    Driver:   27.21.14.6647
Initialize mono
Mono path[0] = 'D:/Unity/2020.3.7f1/Editor/Data/Managed'
Mono path[1] = 'D:/Unity/2020.3.7f1/Editor/Data/MonoBleedingEdge/lib/mono/unityjit'
Mono config path = 'D:/Unity/2020.3.7f1/Editor/Data/MonoBleedingEdge/etc'
Using monoOptions --debugger-agent=transport=dt_socket,embedding=1,server=y,suspend=n,address=127.0.0.1:56860
Begin MonoManager ReloadAssembly
Registering precompiled unity dll's ...
Register platform support module: D:/Unity/2020.3.7f1/Editor/Data/PlaybackEngines/WebGLSupport/UnityEditor.WebGL.Extensions.dll
Register platform support module: D:/Unity/2020.3.7f1/Editor/Data/PlaybackEngines/WindowsStandaloneSupport/UnityEditor.WindowsStandalone.Extensions.dll
Registered in 0.001054 seconds.
Native extension for WindowsStandalone target not found
Native extension for WebGL target not found
Refreshing native plugins compatible for Editor in 42.47 ms, found 1 plugins.
Preloading 0 native plugins for Editor in 0.00 ms.
Mono: successfully reloaded assembly
- Completed reload, in  2.486 seconds
Platform modules already initialized, skipping
Registering precompiled user dll's ...
Registered in 0.000777 seconds.
Begin MonoManager ReloadAssembly
Native extension for WindowsStandalone target not found
Native extension for WebGL target not found
Refreshing native plugins compatible for Editor in 43.12 ms, found 1 plugins.
Preloading 0 native plugins for Editor in 0.00 ms.
Mono: successfully reloaded assembly
- Completed reload, in  1.169 seconds
Platform modules already initialized, skipping
========================================================================
Worker process is ready to serve import requests
Launched and connected shader compiler UnityShaderCompiler.exe after 0.04 seconds
Refreshing native plugins compatible for Editor in 0.41 ms, found 1 plugins.
Preloading 0 native plugins for Editor in 0.00 ms.
Unloading 1809 Unused Serialized files (Serialized files now loaded: 0)
System memory in use before: 87.5 MB.
System memory in use after: 87.5 MB.

Unloading 24 unused Assets to reduce memory usage. Loaded Objects now: 2251.
Total: 2.653971 ms (FindLiveObjects: 0.223151 ms CreateObjectMapping: 0.107602 ms MarkObjects: 2.169926 ms  DeleteObjects: 0.151968 ms)

========================================================================
Received Import Request.
  path: Assets/Prefabs/Player.prefab
  artifactKey: Guid(12017fc81d38d334a90d6a0fd39b0931) Importer(815301076,1909f56bfc062723c751e8b465ee728b)
Start importing Assets/Prefabs/Player.prefab using Guid(12017fc81d38d334a90d6a0fd39b0931) Importer(815301076,1909f56bfc062723c751e8b465ee728b)  -> (artifact id: 'ebdad48d85c31f6372792f176f7a6901') in 0.199071 seconds
  Import took 0.203333 seconds .

========================================================================
Received Import Request.
  Time since last request: 23.512256 seconds.
  path: Assets/Prefabs/Player.prefab
  artifactKey: Guid(12017fc81d38d334a90d6a0fd39b0931) Importer(815301076,1909f56bfc062723c751e8b465ee728b)
Start importing Assets/Prefabs/Player.prefab using Guid(12017fc81d38d334a90d6a0fd39b0931) Importer(815301076,1909f56bfc062723c751e8b465ee728b)  -> (artifact id: '27c4938527b71ab578882de1a19279d7') in 0.024360 seconds
  Import took 0.028429 seconds .

========================================================================
Received Import Request.
  Time since last request: 89.049752 seconds.
  path: Assets/Script
  artifactKey: Guid(3a079a1c5ebcab7439cf0fbee53047bb) Importer(815301076,1909f56bfc062723c751e8b465ee728b)
Start importing Assets/Script using Guid(3a079a1c5ebcab7439cf0fbee53047bb) Importer(815301076,1909f56bfc062723c751e8b465ee728b)  -> (artifact id: '15926fbeb347d05e407a871aa5c4d34c') in 0.013833 seconds
  Import took 0.017617 seconds .

========================================================================
Received Prepare
Registering precompiled user dll's ...
Registered in 0.000744 seconds.
Begin MonoManager ReloadAssembly
Native extension for WindowsStandalone target not found
Native extension for WebGL target not found
Refreshing native plugins compatible for Editor in 0.39 ms, found 1 plugins.
Preloading 0 native plugins for Editor in 0.00 ms.
Mono: successfully reloaded assembly
- Completed reload, in  1.006 seconds
Platform modules already initialized, skipping
Refreshing native plugins compatible for Editor in 0.39 ms, found 1 plugins.
Preloading 0 native plugins for Editor in 0.00 ms.
Unloading 1804 Unused Serialized files (Serialized files now loaded: 0)
System memory in use before: 90.6 MB.
System memory in use after: 90.6 MB.

Unloading 12 unused Assets to reduce memory usage. Loaded Objects now: 2262.
Total: 2.343745 ms (FindLiveObjects: 0.178123 ms CreateObjectMapping: 0.076149 ms MarkObjects: 1.965316 ms  DeleteObjects: 0.122501 ms)

========================================================================
Received Import Request.
  Time since last request: 26.394074 seconds.
  path: Assets/Script/GOHelper.cs
  artifactKey: Guid(7e41493264018194a9291afe102fb4dc) Importer(815301076,1909f56bfc062723c751e8b465ee728b)
Start importing Assets/Script/GOHelper.cs using Guid(7e41493264018194a9291afe102fb4dc) Importer(815301076,1909f56bfc062723c751e8b465ee728b)  -> (artifact id: '70addc3c3ad592f013c051cfd3e978dc') in 0.013392 seconds
  Import took 0.018946 seconds .

========================================================================
Received Prepare
Registering precompiled user dll's ...
Registered in 0.000814 seconds.
Begin MonoManager ReloadAssembly
Native extension for WindowsStandalone target not found
Native extension for WebGL target not found
Refreshing native plugins compatible for Editor in 0.40 ms, found 1 plugins.
Preloading 0 native plugins for Editor in 0.00 ms.
Mono: successfully reloaded assembly
- Completed reload, in  1.202 seconds
Platform modules already initialized, skipping
Refreshing native plugins compatible for Editor in 0.42 ms, found 1 plugins.
Preloading 0 native plugins for Editor in 0.00 ms.
Unloading 1805 Unused Serialized files (Serialized files now loaded: 0)
System memory in use before: 90.6 MB.
System memory in use after: 90.6 MB.

Unloading 12 unused Assets to reduce memory usage. Loaded Objects now: 2267.
Total: 2.170257 ms (FindLiveObjects: 0.187063 ms CreateObjectMapping: 0.076149 ms MarkObjects: 1.780902 ms  DeleteObjects: 0.124488 ms)

========================================================================
Received Import Request.
  Time since last request: 16.698323 seconds.
  path: Assets/Script/GOHelper.cs
  artifactKey: Guid(7e41493264018194a9291afe102fb4dc) Importer(815301076,1909f56bfc062723c751e8b465ee728b)
Start importing Assets/Script/GOHelper.cs using Guid(7e41493264018194a9291afe102fb4dc) Importer(815301076,1909f56bfc062723c751e8b465ee728b)  -> (artifact id: '5b015b508f2bb067cdf106dc81e37720') in 0.006799 seconds
  Import took 0.011710 seconds .

========================================================================
Received Import Request.
  Time since last request: 0.131218 seconds.
  path: Assets/Script/GOHelper.cs
  artifactKey: Guid(7e41493264018194a9291afe102fb4dc) Importer(815301076,1909f56bfc062723c751e8b465ee728b)
Start importing Assets/Script/GOHelper.cs using Guid(7e41493264018194a9291afe102fb4dc) Importer(815301076,1909f56bfc062723c751e8b465ee728b)  -> (artifact id: '5b015b508f2bb067cdf106dc81e37720') in 0.004024 seconds
  Import took 0.008122 seconds .

========================================================================
Received Prepare
Registering precompiled user dll's ...
Registered in 0.000766 seconds.
Begin MonoManager ReloadAssembly
Native extension for WindowsStandalone target not found
Native extension for WebGL target not found
Refreshing native plugins compatible for Editor in 0.44 ms, found 1 plugins.
Preloading 0 native plugins for Editor in 0.00 ms.
Mono: successfully reloaded assembly
- Completed reload, in  1.014 seconds
Platform modules already initialized, skipping
Refreshing native plugins compatible for Editor in 0.39 ms, found 1 plugins.
Preloading 0 native plugins for Editor in 0.00 ms.
Unloading 1805 Unused Serialized files (Serialized files now loaded: 0)
System memory in use before: 90.7 MB.
System memory in use after: 90.6 MB.

Unloading 12 unused Assets to reduce memory usage. Loaded Objects now: 2271.
Total: 2.285805 ms (FindLiveObjects: 0.189380 ms CreateObjectMapping: 0.075818 ms MarkObjects: 1.890491 ms  DeleteObjects: 0.129123 ms)

========================================================================
Received Import Request.
  Time since last request: 55.904204 seconds.
  path: Assets/Script/Player.cs
  artifactKey: Guid(7d1c2d810c41a464d96cae9da3865402) Importer(815301076,1909f56bfc062723c751e8b465ee728b)
Start importing Assets/Script/Player.cs using Guid(7d1c2d810c41a464d96cae9da3865402) Importer(815301076,1909f56bfc062723c751e8b465ee728b)  -> (artifact id: '386cc8b6fc8fbb91d2a2778b2b36b4f7') in 0.007633 seconds
  Import took 0.011192 seconds .

========================================================================
Received Import Request.
  Time since last request: 0.012891 seconds.
  path: Assets/Script/Player.cs
  artifactKey: Guid(7d1c2d810c41a464d96cae9da3865402) Importer(815301076,1909f56bfc062723c751e8b465ee728b)
Start importing Assets/Script/Player.cs using Guid(7d1c2d810c41a464d96cae9da3865402) Importer(815301076,1909f56bfc062723c751e8b465ee728b)  -> (artifact id: '386cc8b6fc8fbb91d2a2778b2b36b4f7') in 0.002894 seconds
  Import took 0.006426 seconds .

========================================================================
Received Import Request.
  Time since last request: 0.268585 seconds.
  path: Assets/Script/GOHelper.cs
  artifactKey: Guid(7e41493264018194a9291afe102fb4dc) Importer(815301076,1909f56bfc062723c751e8b465ee728b)
Start importing Assets/Script/GOHelper.cs using Guid(7e41493264018194a9291afe102fb4dc) Importer(815301076,1909f56bfc062723c751e8b465ee728b)  -> (artifact id: '8441189f1334a8cca6b46b39c0003bed') in 0.002542 seconds
  Import took 0.006102 seconds .

========================================================================
Received Import Request.
  Time since last request: 0.009906 seconds.
  path: Assets/Script/GOHelper.cs
  artifactKey: Guid(7e41493264018194a9291afe102fb4dc) Importer(815301076,1909f56bfc062723c751e8b465ee728b)
Start importing Assets/Script/GOHelper.cs using Guid(7e41493264018194a9291afe102fb4dc) Importer(815301076,1909f56bfc062723c751e8b465ee728b)  -> (artifact id: '8441189f1334a8cca6b46b39c0003bed') in 0.003234 seconds
  Import took 0.007597 seconds .

========================================================================
Received Import Request.
  Time since last request: 3.777890 seconds.
  path: Assets/Script/GODestroy.cs
  artifactKey: Guid(7e41493264018194a9291afe102fb4dc) Importer(815301076,1909f56bfc062723c751e8b465ee728b)
Start importing Assets/Script/GODestroy.cs using Guid(7e41493264018194a9291afe102fb4dc) Importer(815301076,1909f56bfc062723c751e8b465ee728b)  -> (artifact id: '0ca1d7febec470ecab15eee54f182977') in 0.011836 seconds
  Import took 0.016169 seconds .

========================================================================
Received Prepare
Registering precompiled user dll's ...
Registered in 0.000914 seconds.
Begin MonoManager ReloadAssembly
Native extension for WindowsStandalone target not found
Native extension for WebGL target not found
Refreshing native plugins compatible for Editor in 0.40 ms, found 1 plugins.
Preloading 0 native plugins for Editor in 0.00 ms.
Mono: successfully reloaded assembly
- Completed reload, in  1.050 seconds
Platform modules already initialized, skipping
Refreshing native plugins compatible for Editor in 0.48 ms, found 1 plugins.
Preloading 0 native plugins for Editor in 0.00 ms.
Unloading 1805 Unused Serialized files (Serialized files now loaded: 0)
System memory in use before: 90.7 MB.
System memory in use after: 90.7 MB.

Unloading 12 unused Assets to reduce memory usage. Loaded Objects now: 2275.
Total: 2.631126 ms (FindLiveObjects: 0.188056 ms CreateObjectMapping: 0.074825 ms MarkObjects: 2.236474 ms  DeleteObjects: 0.130447 ms)

