Using pre-set license
Built from '2020.3/release' branch; Version is '2020.3.7f1 (dd97f2c94397) revision 14522354'; Using compiler version '192528614'; Build Type 'Release'
OS: 'Windows 7  (6.1.0) 64bit' Language: 'ko' Physical Memory: 12171 MB
BatchMode: 1, IsHumanControllingUs: 0, StartBugReporterOnCrash: 0, Is64bit: 1, IsPro: 0

 COMMAND LINE ARGUMENTS:
D:\Unity\2020.3.7f1\Editor\Unity.exe
-adb2
-batchMode
-noUpm
-name
AssetImportWorker2
-projectPath
D:/UnityProject/GitHub/Practice/Prac_Bubble
-logFile
Logs/AssetImportWorker2.log
-srvPort
14374
Successfully changed project path to: D:/UnityProject/GitHub/Practice/Prac_Bubble
D:/UnityProject/GitHub/Practice/Prac_Bubble
Using Asset Import Pipeline V2.
Refreshing native plugins compatible for Editor in 40.17 ms, found 1 plugins.
Preloading 0 native plugins for Editor in 0.00 ms.
Initialize engine version: 2020.3.7f1 (dd97f2c94397)
[Subsystems] Discovering subsystems at path D:/Unity/2020.3.7f1/Editor/Data/Resources/UnitySubsystems
[Subsystems] Discovering subsystems at path D:/UnityProject/GitHub/Practice/Prac_Bubble/Assets
GfxDevice: creating device client; threaded=0
d3d11: CreateDXGIFactory2(...) not found, fallbacking to CreateDXGIFactory1(...).
d3d11: QueryInterface(IDXGIFactory5) failed (80004002).
Direct3D:
    Version:  Direct3D 11.0 [level 11.0]
    Renderer: NVIDIA GeForce GTX 1060 3GB (ID=0x1b84)
    Vendor:   
    VRAM:     2977 MB
    Driver:   27.21.14.6647
Initialize mono
Mono path[0] = 'D:/Unity/2020.3.7f1/Editor/Data/Managed'
Mono path[1] = 'D:/Unity/2020.3.7f1/Editor/Data/MonoBleedingEdge/lib/mono/unityjit'
Mono config path = 'D:/Unity/2020.3.7f1/Editor/Data/MonoBleedingEdge/etc'
Using monoOptions --debugger-agent=transport=dt_socket,embedding=1,server=y,suspend=n,address=127.0.0.1:56512
Begin MonoManager ReloadAssembly
Registering precompiled unity dll's ...
Register platform support module: D:/Unity/2020.3.7f1/Editor/Data/PlaybackEngines/WebGLSupport/UnityEditor.WebGL.Extensions.dll
Register platform support module: D:/Unity/2020.3.7f1/Editor/Data/PlaybackEngines/WindowsStandaloneSupport/UnityEditor.WindowsStandalone.Extensions.dll
Registered in 0.001010 seconds.
Native extension for WindowsStandalone target not found
Native extension for WebGL target not found
Refreshing native plugins compatible for Editor in 44.46 ms, found 1 plugins.
Preloading 0 native plugins for Editor in 0.00 ms.
Mono: successfully reloaded assembly
- Completed reload, in  2.455 seconds
Platform modules already initialized, skipping
Registering precompiled user dll's ...
Registered in 0.000848 seconds.
Begin MonoManager ReloadAssembly
Native extension for WindowsStandalone target not found
Native extension for WebGL target not found
Refreshing native plugins compatible for Editor in 43.53 ms, found 1 plugins.
Preloading 0 native plugins for Editor in 0.00 ms.
Mono: successfully reloaded assembly
- Completed reload, in  1.154 seconds
Platform modules already initialized, skipping
========================================================================
Worker process is ready to serve import requests
Launched and connected shader compiler UnityShaderCompiler.exe after 0.20 seconds
Refreshing native plugins compatible for Editor in 0.41 ms, found 1 plugins.
Preloading 0 native plugins for Editor in 0.00 ms.
Unloading 1811 Unused Serialized files (Serialized files now loaded: 0)
System memory in use before: 87.6 MB.
System memory in use after: 87.5 MB.

Unloading 24 unused Assets to reduce memory usage. Loaded Objects now: 2253.
Total: 2.638079 ms (FindLiveObjects: 0.258908 ms CreateObjectMapping: 0.126474 ms MarkObjects: 2.076229 ms  DeleteObjects: 0.175806 ms)

========================================================================
Received Import Request.
  path: Assets/Prefabs/BubbleMat.physicsMaterial2D
  artifactKey: Guid(8568917604cde2a4b9a3677aee4926a0) Importer(815301076,1909f56bfc062723c751e8b465ee728b)
Start importing Assets/Prefabs/BubbleMat.physicsMaterial2D using Guid(8568917604cde2a4b9a3677aee4926a0) Importer(815301076,1909f56bfc062723c751e8b465ee728b)  -> (artifact id: '0cb32c53e551694edf60f4584224232b') in 0.083902 seconds
  Import took 0.087357 seconds .

========================================================================
Received Import Request.
  Time since last request: 0.001063 seconds.
  path: Assets/Prefabs/MonsterA.prefab
  artifactKey: Guid(2f48e300447c0b542996ff822734a92c) Importer(815301076,1909f56bfc062723c751e8b465ee728b)
Start importing Assets/Prefabs/MonsterA.prefab using Guid(2f48e300447c0b542996ff822734a92c) Importer(815301076,1909f56bfc062723c751e8b465ee728b)  -> (artifact id: '39b7578ac2e7ea2a478744bfc4d6d302') in 0.158924 seconds
  Import took 0.162500 seconds .

========================================================================
Received Import Request.
  Time since last request: 0.001117 seconds.
  path: Assets/Prefabs/Bubble.prefab
  artifactKey: Guid(0d60271ccbe980046945d54e832e5891) Importer(815301076,1909f56bfc062723c751e8b465ee728b)
Start importing Assets/Prefabs/Bubble.prefab using Guid(0d60271ccbe980046945d54e832e5891) Importer(815301076,1909f56bfc062723c751e8b465ee728b)  -> (artifact id: 'f2f98c472d005868f5c258c116547e70') in 0.051886 seconds
  Import took 0.066325 seconds .

========================================================================
Received Import Request.
  Time since last request: 3.978155 seconds.
  path: Assets/Prefabs/Bubble.prefab
  artifactKey: Guid(0d60271ccbe980046945d54e832e5891) Importer(815301076,1909f56bfc062723c751e8b465ee728b)
Start importing Assets/Prefabs/Bubble.prefab using Guid(0d60271ccbe980046945d54e832e5891) Importer(815301076,1909f56bfc062723c751e8b465ee728b)  -> (artifact id: '59d6707243a57421d99c22747ffe31bd') in 0.011952 seconds
  Import took 0.015922 seconds .

========================================================================
Received Import Request.
  Time since last request: 0.062344 seconds.
  path: Assets/Prefabs/Bubble.prefab
  artifactKey: Guid(0d60271ccbe980046945d54e832e5891) Importer(815301076,1909f56bfc062723c751e8b465ee728b)
Start importing Assets/Prefabs/Bubble.prefab using Guid(0d60271ccbe980046945d54e832e5891) Importer(815301076,1909f56bfc062723c751e8b465ee728b)  -> (artifact id: '59d6707243a57421d99c22747ffe31bd') in 0.011441 seconds
  Import took 0.015638 seconds .

========================================================================
Received Import Request.
  Time since last request: 6.551310 seconds.
  path: Assets/Prefabs/Bubble.prefab
  artifactKey: Guid(0d60271ccbe980046945d54e832e5891) Importer(815301076,1909f56bfc062723c751e8b465ee728b)
Start importing Assets/Prefabs/Bubble.prefab using Guid(0d60271ccbe980046945d54e832e5891) Importer(815301076,1909f56bfc062723c751e8b465ee728b)  -> (artifact id: '3c071e44d0bc0152658f778a5ce53138') in 0.012631 seconds
  Import took 0.016688 seconds .

========================================================================
Received Import Request.
  Time since last request: 0.007632 seconds.
  path: Assets/Prefabs/Bubble.prefab
  artifactKey: Guid(0d60271ccbe980046945d54e832e5891) Importer(815301076,1909f56bfc062723c751e8b465ee728b)
Start importing Assets/Prefabs/Bubble.prefab using Guid(0d60271ccbe980046945d54e832e5891) Importer(815301076,1909f56bfc062723c751e8b465ee728b)  -> (artifact id: '3c071e44d0bc0152658f778a5ce53138') in 0.012487 seconds
  Import took 0.016585 seconds .

========================================================================
Received Prepare
Registering precompiled user dll's ...
Registered in 0.000791 seconds.
Begin MonoManager ReloadAssembly
Native extension for WindowsStandalone target not found
Native extension for WebGL target not found
Refreshing native plugins compatible for Editor in 0.40 ms, found 1 plugins.
Preloading 0 native plugins for Editor in 0.00 ms.
Mono: successfully reloaded assembly
- Completed reload, in  0.984 seconds
Platform modules already initialized, skipping
Refreshing native plugins compatible for Editor in 0.39 ms, found 1 plugins.
Preloading 0 native plugins for Editor in 0.00 ms.
Unloading 1806 Unused Serialized files (Serialized files now loaded: 0)
System memory in use before: 90.7 MB.
System memory in use after: 90.6 MB.

Unloading 12 unused Assets to reduce memory usage. Loaded Objects now: 2264.
Total: 2.372880 ms (FindLiveObjects: 0.222157 ms CreateObjectMapping: 0.084758 ms MarkObjects: 1.931545 ms  DeleteObjects: 0.133096 ms)

========================================================================
Received Prepare
Registering precompiled user dll's ...
Registered in 0.000705 seconds.
Begin MonoManager ReloadAssembly
Native extension for WindowsStandalone target not found
Native extension for WebGL target not found
Refreshing native plugins compatible for Editor in 0.45 ms, found 1 plugins.
Preloading 0 native plugins for Editor in 0.00 ms.
Mono: successfully reloaded assembly
- Completed reload, in  0.974 seconds
Platform modules already initialized, skipping
Refreshing native plugins compatible for Editor in 0.42 ms, found 1 plugins.
Preloading 0 native plugins for Editor in 0.00 ms.
Unloading 1806 Unused Serialized files (Serialized files now loaded: 0)
System memory in use before: 90.7 MB.
System memory in use after: 90.7 MB.

Unloading 12 unused Assets to reduce memory usage. Loaded Objects now: 2268.
Total: 2.450685 ms (FindLiveObjects: 0.194346 ms CreateObjectMapping: 0.087737 ms MarkObjects: 2.035505 ms  DeleteObjects: 0.132103 ms)

========================================================================
Received Prepare
Registering precompiled user dll's ...
Registered in 0.000769 seconds.
Begin MonoManager ReloadAssembly
Native extension for WindowsStandalone target not found
Native extension for WebGL target not found
Refreshing native plugins compatible for Editor in 0.49 ms, found 1 plugins.
Preloading 0 native plugins for Editor in 0.00 ms.
Mono: successfully reloaded assembly
- Completed reload, in  0.970 seconds
Platform modules already initialized, skipping
Refreshing native plugins compatible for Editor in 0.39 ms, found 1 plugins.
Preloading 0 native plugins for Editor in 0.00 ms.
Unloading 1806 Unused Serialized files (Serialized files now loaded: 0)
System memory in use before: 90.7 MB.
System memory in use after: 90.7 MB.

Unloading 12 unused Assets to reduce memory usage. Loaded Objects now: 2272.
Total: 2.088148 ms (FindLiveObjects: 0.200306 ms CreateObjectMapping: 0.080453 ms MarkObjects: 1.692171 ms  DeleteObjects: 0.113893 ms)

========================================================================
Received Prepare
Registering precompiled user dll's ...
Registered in 0.001092 seconds.
Begin MonoManager ReloadAssembly
Native extension for WindowsStandalone target not found
Native extension for WebGL target not found
Refreshing native plugins compatible for Editor in 0.44 ms, found 1 plugins.
Preloading 0 native plugins for Editor in 0.00 ms.
Mono: successfully reloaded assembly
- Completed reload, in  1.064 seconds
Platform modules already initialized, skipping
Refreshing native plugins compatible for Editor in 0.47 ms, found 1 plugins.
Preloading 0 native plugins for Editor in 0.00 ms.
Unloading 1806 Unused Serialized files (Serialized files now loaded: 0)
System memory in use before: 90.8 MB.
System memory in use after: 90.7 MB.

Unloading 12 unused Assets to reduce memory usage. Loaded Objects now: 2276.
Total: 3.057893 ms (FindLiveObjects: 0.198319 ms CreateObjectMapping: 0.125150 ms MarkObjects: 2.603646 ms  DeleteObjects: 0.129123 ms)

========================================================================
Received Import Request.
  Time since last request: 1213.620528 seconds.
  path: Assets/Prefabs/Bubble.prefab
  artifactKey: Guid(0d60271ccbe980046945d54e832e5891) Importer(815301076,1909f56bfc062723c751e8b465ee728b)
Start importing Assets/Prefabs/Bubble.prefab using Guid(0d60271ccbe980046945d54e832e5891) Importer(815301076,1909f56bfc062723c751e8b465ee728b)  -> (artifact id: '6a1b6ef22e0d716a8805aca465bf392a') in 0.067729 seconds
  Import took 0.072134 seconds .

========================================================================
Received Import Request.
  Time since last request: 127.971239 seconds.
  path: Assets/Script/SpawnPrabas.cs
  artifactKey: Guid(67af6d86d2ae2d74c9fe8de6c687b01f) Importer(815301076,1909f56bfc062723c751e8b465ee728b)
Start importing Assets/Script/SpawnPrabas.cs using Guid(67af6d86d2ae2d74c9fe8de6c687b01f) Importer(815301076,1909f56bfc062723c751e8b465ee728b)  -> (artifact id: '0937ac897bf5b13d26076579aba51494') in 0.084976 seconds
  Import took 0.088737 seconds .

========================================================================
Received Prepare
Registering precompiled user dll's ...
Registered in 0.000818 seconds.
Begin MonoManager ReloadAssembly
Native extension for WindowsStandalone target not found
Native extension for WebGL target not found
Refreshing native plugins compatible for Editor in 0.43 ms, found 1 plugins.
Preloading 0 native plugins for Editor in 0.00 ms.
Mono: successfully reloaded assembly
- Completed reload, in  1.092 seconds
Platform modules already initialized, skipping
Refreshing native plugins compatible for Editor in 0.43 ms, found 1 plugins.
Preloading 0 native plugins for Editor in 0.00 ms.
Unloading 1807 Unused Serialized files (Serialized files now loaded: 0)
System memory in use before: 90.8 MB.
System memory in use after: 90.8 MB.

Unloading 12 unused Assets to reduce memory usage. Loaded Objects now: 2282.
Total: 2.408306 ms (FindLiveObjects: 0.191698 ms CreateObjectMapping: 0.077805 ms MarkObjects: 2.011667 ms  DeleteObjects: 0.124819 ms)

========================================================================
Received Import Request.
  Time since last request: 22.780170 seconds.
  path: Assets/Script/SpawnPrefab.cs
  artifactKey: Guid(67af6d86d2ae2d74c9fe8de6c687b01f) Importer(815301076,1909f56bfc062723c751e8b465ee728b)
Start importing Assets/Script/SpawnPrefab.cs using Guid(67af6d86d2ae2d74c9fe8de6c687b01f) Importer(815301076,1909f56bfc062723c751e8b465ee728b)  -> (artifact id: 'bdf41d37c3568ec15706861d036a1ddd') in 0.018597 seconds
  Import took 0.023029 seconds .

========================================================================
Received Prepare
Registering precompiled user dll's ...
Registered in 0.001392 seconds.
Begin MonoManager ReloadAssembly
Native extension for WindowsStandalone target not found
Native extension for WebGL target not found
Refreshing native plugins compatible for Editor in 0.42 ms, found 1 plugins.
Preloading 0 native plugins for Editor in 0.00 ms.
Mono: successfully reloaded assembly
- Completed reload, in  1.015 seconds
Platform modules already initialized, skipping
Refreshing native plugins compatible for Editor in 0.43 ms, found 1 plugins.
Preloading 0 native plugins for Editor in 0.00 ms.
Unloading 1807 Unused Serialized files (Serialized files now loaded: 0)
System memory in use before: 90.8 MB.
System memory in use after: 90.8 MB.

Unloading 12 unused Assets to reduce memory usage. Loaded Objects now: 2286.
Total: 2.148736 ms (FindLiveObjects: 0.195671 ms CreateObjectMapping: 0.086744 ms MarkObjects: 1.739847 ms  DeleteObjects: 0.125150 ms)

========================================================================
Received Import Request.
  Time since last request: 522.909826 seconds.
  path: Assets/Script/SpawnPrefab.cs
  artifactKey: Guid(67af6d86d2ae2d74c9fe8de6c687b01f) Importer(815301076,1909f56bfc062723c751e8b465ee728b)
Start importing Assets/Script/SpawnPrefab.cs using Guid(67af6d86d2ae2d74c9fe8de6c687b01f) Importer(815301076,1909f56bfc062723c751e8b465ee728b)  -> (artifact id: 'ec5c96584c8edeac389f2f37578bcebd') in 0.007267 seconds
  Import took 0.011410 seconds .

========================================================================
Received Import Request.
  Time since last request: 0.084663 seconds.
  path: Assets/Script/SpawnPrefab.cs
  artifactKey: Guid(67af6d86d2ae2d74c9fe8de6c687b01f) Importer(815301076,1909f56bfc062723c751e8b465ee728b)
Start importing Assets/Script/SpawnPrefab.cs using Guid(67af6d86d2ae2d74c9fe8de6c687b01f) Importer(815301076,1909f56bfc062723c751e8b465ee728b)  -> (artifact id: 'ec5c96584c8edeac389f2f37578bcebd') in 0.003794 seconds
  Import took 0.007494 seconds .

========================================================================
Received Import Request.
  Time since last request: 6.921042 seconds.
  path: Assets/Script/Common
  artifactKey: Guid(0b2f6da0ad6f4264d9a0f1d87056b930) Importer(815301076,1909f56bfc062723c751e8b465ee728b)
Start importing Assets/Script/Common using Guid(0b2f6da0ad6f4264d9a0f1d87056b930) Importer(815301076,1909f56bfc062723c751e8b465ee728b)  -> (artifact id: 'e039456cd1935f32371255094d75486e') in 0.009596 seconds
  Import took 0.013302 seconds .

========================================================================
Received Import Request.
  Time since last request: 20.213203 seconds.
  path: Assets/Script/Common/CoroutineManager.cs
  artifactKey: Guid(09839e35a11ac8f4d9a01543fab6f3a1) Importer(815301076,1909f56bfc062723c751e8b465ee728b)
Start importing Assets/Script/Common/CoroutineManager.cs using Guid(09839e35a11ac8f4d9a01543fab6f3a1) Importer(815301076,1909f56bfc062723c751e8b465ee728b)  -> (artifact id: '7fa652bbfca8ed8fcdd5627b78c0ccf6') in 0.012752 seconds
  Import took 0.017129 seconds .

========================================================================
Received Prepare
Registering precompiled user dll's ...
Registered in 0.000800 seconds.
Begin MonoManager ReloadAssembly
Native extension for WindowsStandalone target not found
Native extension for WebGL target not found
Refreshing native plugins compatible for Editor in 0.39 ms, found 1 plugins.
Preloading 0 native plugins for Editor in 0.00 ms.
Mono: successfully reloaded assembly
- Completed reload, in  0.980 seconds
Platform modules already initialized, skipping
Refreshing native plugins compatible for Editor in 0.41 ms, found 1 plugins.
Preloading 0 native plugins for Editor in 0.00 ms.
Unloading 1808 Unused Serialized files (Serialized files now loaded: 0)
System memory in use before: 90.8 MB.
System memory in use after: 90.8 MB.

Unloading 12 unused Assets to reduce memory usage. Loaded Objects now: 2291.
Total: 2.344738 ms (FindLiveObjects: 0.210238 ms CreateObjectMapping: 0.079129 ms MarkObjects: 1.916977 ms  DeleteObjects: 0.137069 ms)

========================================================================
Received Import Request.
  Time since last request: 585.063220 seconds.
  path: Assets/Sprite/Bubble/BubbleExplosion.psd
  artifactKey: Guid(4cade031d6c784840af9c636a1885c8b) Importer(815301076,1909f56bfc062723c751e8b465ee728b)
Start importing Assets/Sprite/Bubble/BubbleExplosion.psd using Guid(4cade031d6c784840af9c636a1885c8b) Importer(815301076,1909f56bfc062723c751e8b465ee728b)  -> (artifact id: '431e80afb4a9dced09c3f81a8523b9a8') in 0.059107 seconds
  Import took 0.064047 seconds .

========================================================================
Received Import Request.
  Time since last request: 4.383774 seconds.
  path: Assets/Sprite/Bubble/BubbleExplosion.psd
  artifactKey: Guid(4cade031d6c784840af9c636a1885c8b) Importer(815301076,1909f56bfc062723c751e8b465ee728b)
Start importing Assets/Sprite/Bubble/BubbleExplosion.psd using Guid(4cade031d6c784840af9c636a1885c8b) Importer(815301076,1909f56bfc062723c751e8b465ee728b)  -> (artifact id: 'effdaadd92853475855805f5ac260e30') in 0.052419 seconds
  Import took 0.056878 seconds .

========================================================================
Received Import Request.
  Time since last request: 53.376746 seconds.
  path: Assets/Sprite/Bubble/BubbleExplosion_0.controller
  artifactKey: Guid(9aed02b5fd2a3964ebbbcba40739cbac) Importer(815301076,1909f56bfc062723c751e8b465ee728b)
Start importing Assets/Sprite/Bubble/BubbleExplosion_0.controller using Guid(9aed02b5fd2a3964ebbbcba40739cbac) Importer(815301076,1909f56bfc062723c751e8b465ee728b)  -> (artifact id: '8d5b73e8265d384fcc3b4d64d808ed6d') in 0.011298 seconds
  Import took 0.016462 seconds .

========================================================================
Received Import Request.
  Time since last request: 3.335802 seconds.
  path: Assets/Sprite/Bubble/BubblePon.controller
  artifactKey: Guid(9aed02b5fd2a3964ebbbcba40739cbac) Importer(815301076,1909f56bfc062723c751e8b465ee728b)
Start importing Assets/Sprite/Bubble/BubblePon.controller using Guid(9aed02b5fd2a3964ebbbcba40739cbac) Importer(815301076,1909f56bfc062723c751e8b465ee728b)  -> (artifact id: '4b7eaddcc140a8bd813737a67234cf34') in 0.011467 seconds
  Import took 0.015250 seconds .

========================================================================
Received Import Request.
  Time since last request: 8.157633 seconds.
  path: Assets/Sprite/Bubble/BubblePonController.controller
  artifactKey: Guid(9aed02b5fd2a3964ebbbcba40739cbac) Importer(815301076,1909f56bfc062723c751e8b465ee728b)
Start importing Assets/Sprite/Bubble/BubblePonController.controller using Guid(9aed02b5fd2a3964ebbbcba40739cbac) Importer(815301076,1909f56bfc062723c751e8b465ee728b)  -> (artifact id: '537a114c4711ce87b29073bc1f1b68ee') in 0.011334 seconds
  Import took 0.015026 seconds .

========================================================================
Received Import Request.
  Time since last request: 1.566156 seconds.
  path: Assets/Sprite/Bubble/Pon.anim
  artifactKey: Guid(dbec89db55cb8fc44b19e5d82f09f4be) Importer(815301076,1909f56bfc062723c751e8b465ee728b)
Start importing Assets/Sprite/Bubble/Pon.anim using Guid(dbec89db55cb8fc44b19e5d82f09f4be) Importer(815301076,1909f56bfc062723c751e8b465ee728b)  -> (artifact id: 'f66564f3647975293ca2ee0616a90742') in 0.009548 seconds
  Import took 0.013474 seconds .

========================================================================
Received Import Request.
  Time since last request: 0.084499 seconds.
  path: Assets/Sprite/Bubble/Pon.anim
  artifactKey: Guid(dbec89db55cb8fc44b19e5d82f09f4be) Importer(815301076,1909f56bfc062723c751e8b465ee728b)
Start importing Assets/Sprite/Bubble/Pon.anim using Guid(dbec89db55cb8fc44b19e5d82f09f4be) Importer(815301076,1909f56bfc062723c751e8b465ee728b)  -> (artifact id: 'f66564f3647975293ca2ee0616a90742') in 0.004498 seconds
  Import took 0.008625 seconds .

========================================================================
Received Import Request.
  Time since last request: 3.513924 seconds.
  path: Assets/Sprite/Bubble/BubblePon.anim
  artifactKey: Guid(dbec89db55cb8fc44b19e5d82f09f4be) Importer(815301076,1909f56bfc062723c751e8b465ee728b)
Start importing Assets/Sprite/Bubble/BubblePon.anim using Guid(dbec89db55cb8fc44b19e5d82f09f4be) Importer(815301076,1909f56bfc062723c751e8b465ee728b)  -> (artifact id: '3474fe7f57fefd768a2cdf13f0279f74') in 0.004872 seconds
  Import took 0.023018 seconds .

========================================================================
Received Import Request.
  Time since last request: 10.325386 seconds.
  path: Assets/Prefabs/Bubble.prefab
  artifactKey: Guid(0d60271ccbe980046945d54e832e5891) Importer(815301076,1909f56bfc062723c751e8b465ee728b)
Start importing Assets/Prefabs/Bubble.prefab using Guid(0d60271ccbe980046945d54e832e5891) Importer(815301076,1909f56bfc062723c751e8b465ee728b)  -> (artifact id: '1c66c59e0ce28fda663dec3927ef3681') in 0.044938 seconds
  Import took 0.048983 seconds .

========================================================================
Received Import Request.
  Time since last request: 1.526216 seconds.
  path: Assets/Prefabs/BubblePon.prefab
  artifactKey: Guid(967764f30aab8634b935f6f38d07f2dc) Importer(815301076,1909f56bfc062723c751e8b465ee728b)
Start importing Assets/Prefabs/BubblePon.prefab using Guid(967764f30aab8634b935f6f38d07f2dc) Importer(815301076,1909f56bfc062723c751e8b465ee728b)  -> (artifact id: '44cbe81aa67a937d7d336e305ad19f6f') in 0.016019 seconds
  Import took 0.019812 seconds .

========================================================================
Received Import Request.
  Time since last request: 0.000845 seconds.
  path: Assets/Prefabs/BubblePon.prefab
  artifactKey: Guid(967764f30aab8634b935f6f38d07f2dc) Importer(815301076,1909f56bfc062723c751e8b465ee728b)
Start importing Assets/Prefabs/BubblePon.prefab using Guid(967764f30aab8634b935f6f38d07f2dc) Importer(815301076,1909f56bfc062723c751e8b465ee728b)  -> (artifact id: '44cbe81aa67a937d7d336e305ad19f6f') in 0.015117 seconds
  Import took 0.021185 seconds .

========================================================================
Received Import Request.
  Time since last request: 43.213854 seconds.
  path: Assets/Prefabs/BubblePon.prefab
  artifactKey: Guid(967764f30aab8634b935f6f38d07f2dc) Importer(815301076,1909f56bfc062723c751e8b465ee728b)
Start importing Assets/Prefabs/BubblePon.prefab using Guid(967764f30aab8634b935f6f38d07f2dc) Importer(815301076,1909f56bfc062723c751e8b465ee728b)  -> (artifact id: '048a2563c53b98722b8d5c621aa166d6') in 0.014717 seconds
  Import took 0.018880 seconds .

========================================================================
Received Import Request.
  Time since last request: 10.896836 seconds.
  path: Assets/Prefabs/Bubble.prefab
  artifactKey: Guid(0d60271ccbe980046945d54e832e5891) Importer(815301076,1909f56bfc062723c751e8b465ee728b)
Start importing Assets/Prefabs/Bubble.prefab using Guid(0d60271ccbe980046945d54e832e5891) Importer(815301076,1909f56bfc062723c751e8b465ee728b)  -> (artifact id: '08ce80dee33797a5515257629d97c869') in 0.018315 seconds
  Import took 0.023381 seconds .

========================================================================
Received Prepare
Registering precompiled user dll's ...
Registered in 0.000777 seconds.
Begin MonoManager ReloadAssembly
Native extension for WindowsStandalone target not found
Native extension for WebGL target not found
Refreshing native plugins compatible for Editor in 0.39 ms, found 1 plugins.
Preloading 0 native plugins for Editor in 0.00 ms.
Mono: successfully reloaded assembly
- Completed reload, in  1.017 seconds
Platform modules already initialized, skipping
Refreshing native plugins compatible for Editor in 0.41 ms, found 1 plugins.
Preloading 0 native plugins for Editor in 0.00 ms.
Unloading 1808 Unused Serialized files (Serialized files now loaded: 0)
System memory in use before: 90.9 MB.
System memory in use after: 90.9 MB.

Unloading 12 unused Assets to reduce memory usage. Loaded Objects now: 2300.
Total: 2.648011 ms (FindLiveObjects: 0.213880 ms CreateObjectMapping: 0.096677 ms MarkObjects: 2.208331 ms  DeleteObjects: 0.128130 ms)

========================================================================
Received Import Request.
  Time since last request: 190.077340 seconds.
  path: Assets/Sprite/Bubble/MonsterABubble.psd
  artifactKey: Guid(e90b1adaf4896be4b83512d5ec2955a3) Importer(815301076,1909f56bfc062723c751e8b465ee728b)
Start importing Assets/Sprite/Bubble/MonsterABubble.psd using Guid(e90b1adaf4896be4b83512d5ec2955a3) Importer(815301076,1909f56bfc062723c751e8b465ee728b)  -> (artifact id: '97ed32532cfdd416b9832f436daee1e9') in 0.052810 seconds
  Import took 0.056503 seconds .

========================================================================
Received Import Request.
  Time since last request: 8.520713 seconds.
  path: Assets/Sprite/Bubble/MonsterABubble.psd
  artifactKey: Guid(e90b1adaf4896be4b83512d5ec2955a3) Importer(815301076,1909f56bfc062723c751e8b465ee728b)
Start importing Assets/Sprite/Bubble/MonsterABubble.psd using Guid(e90b1adaf4896be4b83512d5ec2955a3) Importer(815301076,1909f56bfc062723c751e8b465ee728b)  -> (artifact id: 'a5ca00ef48bb4a05589e03785d99539f') in 0.064285 seconds
  Import took 0.067996 seconds .

========================================================================
Received Import Request.
  Time since last request: 40.664294 seconds.
  path: Assets/Sprite/Bubble/MonsterABubble_6.controller
  artifactKey: Guid(2f3503accdac83943b51e7a89f656fec) Importer(815301076,1909f56bfc062723c751e8b465ee728b)
Start importing Assets/Sprite/Bubble/MonsterABubble_6.controller using Guid(2f3503accdac83943b51e7a89f656fec) Importer(815301076,1909f56bfc062723c751e8b465ee728b)  -> (artifact id: '91009e5422b890ea35678609c25f110d') in 0.011307 seconds
  Import took 0.015014 seconds .

========================================================================
Received Import Request.
  Time since last request: 6.680380 seconds.
  path: Assets/Sprite/Bubble/MonsterABubble_9.controller
  artifactKey: Guid(bb2f5d379f62b8d47a19c92edd5cbd9e) Importer(815301076,1909f56bfc062723c751e8b465ee728b)
Start importing Assets/Sprite/Bubble/MonsterABubble_9.controller using Guid(bb2f5d379f62b8d47a19c92edd5cbd9e) Importer(815301076,1909f56bfc062723c751e8b465ee728b)  -> (artifact id: '2514cc62122f47ea9cccf99e900cd3e6') in 0.011354 seconds
  Import took 0.015560 seconds .

========================================================================
Received Import Request.
  Time since last request: 45.999959 seconds.
  path: Assets/Sprite/Bubble/MonsterA4.anim
  artifactKey: Guid(4797f0f961c72084788aadd7d6dbe910) Importer(815301076,1909f56bfc062723c751e8b465ee728b)
Start importing Assets/Sprite/Bubble/MonsterA4.anim using Guid(4797f0f961c72084788aadd7d6dbe910) Importer(815301076,1909f56bfc062723c751e8b465ee728b)  -> (artifact id: '992dcb0ec2858c82a827c82ccd97b6e6') in 0.003210 seconds
  Import took 0.006871 seconds .

========================================================================
Received Import Request.
  Time since last request: 0.050888 seconds.
  path: Assets/Sprite/Bubble/MonsterA4.anim
  artifactKey: Guid(4797f0f961c72084788aadd7d6dbe910) Importer(815301076,1909f56bfc062723c751e8b465ee728b)
Start importing Assets/Sprite/Bubble/MonsterA4.anim using Guid(4797f0f961c72084788aadd7d6dbe910) Importer(815301076,1909f56bfc062723c751e8b465ee728b)  -> (artifact id: '992dcb0ec2858c82a827c82ccd97b6e6') in 0.014971 seconds
  Import took 0.018826 seconds .

========================================================================
Received Prepare
Registering precompiled user dll's ...
Registered in 0.000821 seconds.
Begin MonoManager ReloadAssembly
Native extension for WindowsStandalone target not found
Native extension for WebGL target not found
Refreshing native plugins compatible for Editor in 0.43 ms, found 1 plugins.
Preloading 0 native plugins for Editor in 0.00 ms.
Mono: successfully reloaded assembly
- Completed reload, in  0.970 seconds
Platform modules already initialized, skipping
Refreshing native plugins compatible for Editor in 0.42 ms, found 1 plugins.
Preloading 0 native plugins for Editor in 0.00 ms.
Unloading 1808 Unused Serialized files (Serialized files now loaded: 0)
System memory in use before: 90.9 MB.
System memory in use after: 90.9 MB.

Unloading 12 unused Assets to reduce memory usage. Loaded Objects now: 2306.
Total: 4.072335 ms (FindLiveObjects: 0.202624 ms CreateObjectMapping: 0.077474 ms MarkObjects: 3.614115 ms  DeleteObjects: 0.176799 ms)

========================================================================
Received Prepare
Registering precompiled user dll's ...
Registered in 0.000789 seconds.
Begin MonoManager ReloadAssembly
Native extension for WindowsStandalone target not found
Native extension for WebGL target not found
Refreshing native plugins compatible for Editor in 0.39 ms, found 1 plugins.
Preloading 0 native plugins for Editor in 0.00 ms.
Mono: successfully reloaded assembly
- Completed reload, in  0.979 seconds
Platform modules already initialized, skipping
Refreshing native plugins compatible for Editor in 0.40 ms, found 1 plugins.
Preloading 0 native plugins for Editor in 0.00 ms.
Unloading 1809 Unused Serialized files (Serialized files now loaded: 0)
System memory in use before: 90.9 MB.
System memory in use after: 90.9 MB.

Unloading 12 unused Assets to reduce memory usage. Loaded Objects now: 2311.
Total: 2.394070 ms (FindLiveObjects: 0.216860 ms CreateObjectMapping: 0.121839 ms MarkObjects: 1.925254 ms  DeleteObjects: 0.129123 ms)

========================================================================
Received Prepare
Registering precompiled user dll's ...
Registered in 0.000758 seconds.
Begin MonoManager ReloadAssembly
Native extension for WindowsStandalone target not found
Native extension for WebGL target not found
Refreshing native plugins compatible for Editor in 0.41 ms, found 1 plugins.
Preloading 0 native plugins for Editor in 0.00 ms.
Mono: successfully reloaded assembly
- Completed reload, in  0.969 seconds
Platform modules already initialized, skipping
Refreshing native plugins compatible for Editor in 0.42 ms, found 1 plugins.
Preloading 0 native plugins for Editor in 0.00 ms.
Unloading 1809 Unused Serialized files (Serialized files now loaded: 0)
System memory in use before: 91.0 MB.
System memory in use after: 90.9 MB.

Unloading 12 unused Assets to reduce memory usage. Loaded Objects now: 2315.
Total: 2.278521 ms (FindLiveObjects: 0.207921 ms CreateObjectMapping: 0.077143 ms MarkObjects: 1.865990 ms  DeleteObjects: 0.126474 ms)

========================================================================
Received Prepare
Registering precompiled user dll's ...
Registered in 0.000832 seconds.
Begin MonoManager ReloadAssembly
Native extension for WindowsStandalone target not found
Native extension for WebGL target not found
Refreshing native plugins compatible for Editor in 0.41 ms, found 1 plugins.
Preloading 0 native plugins for Editor in 0.00 ms.
Mono: successfully reloaded assembly
- Completed reload, in  0.968 seconds
Platform modules already initialized, skipping
Refreshing native plugins compatible for Editor in 0.45 ms, found 1 plugins.
Preloading 0 native plugins for Editor in 0.00 ms.
Unloading 1809 Unused Serialized files (Serialized files now loaded: 0)
System memory in use before: 91.0 MB.
System memory in use after: 90.9 MB.

Unloading 12 unused Assets to reduce memory usage. Loaded Objects now: 2319.
Total: 2.262298 ms (FindLiveObjects: 0.203948 ms CreateObjectMapping: 0.078467 ms MarkObjects: 1.848112 ms  DeleteObjects: 0.130447 ms)

========================================================================
Received Prepare
Registering precompiled user dll's ...
Registered in 0.000761 seconds.
Begin MonoManager ReloadAssembly
Native extension for WindowsStandalone target not found
Native extension for WebGL target not found
Refreshing native plugins compatible for Editor in 0.40 ms, found 1 plugins.
Preloading 0 native plugins for Editor in 0.00 ms.
Mono: successfully reloaded assembly
- Completed reload, in  0.984 seconds
Platform modules already initialized, skipping
Refreshing native plugins compatible for Editor in 0.47 ms, found 1 plugins.
Preloading 0 native plugins for Editor in 0.00 ms.
Unloading 1809 Unused Serialized files (Serialized files now loaded: 0)
System memory in use before: 91.0 MB.
System memory in use after: 90.9 MB.

Unloading 12 unused Assets to reduce memory usage. Loaded Objects now: 2323.
Total: 2.599342 ms (FindLiveObjects: 0.194677 ms CreateObjectMapping: 0.075818 ms MarkObjects: 2.197075 ms  DeleteObjects: 0.130116 ms)

========================================================================
Received Prepare
Registering precompiled user dll's ...
Registered in 0.000867 seconds.
Begin MonoManager ReloadAssembly
Native extension for WindowsStandalone target not found
Native extension for WebGL target not found
Refreshing native plugins compatible for Editor in 0.39 ms, found 1 plugins.
Preloading 0 native plugins for Editor in 0.00 ms.
Mono: successfully reloaded assembly
- Completed reload, in  0.984 seconds
Platform modules already initialized, skipping
Refreshing native plugins compatible for Editor in 0.43 ms, found 1 plugins.
Preloading 0 native plugins for Editor in 0.00 ms.
Unloading 1809 Unused Serialized files (Serialized files now loaded: 0)
System memory in use before: 91.0 MB.
System memory in use after: 91.0 MB.

Unloading 12 unused Assets to reduce memory usage. Loaded Objects now: 2327.
Total: 2.443401 ms (FindLiveObjects: 0.217853 ms CreateObjectMapping: 0.076149 ms MarkObjects: 1.997762 ms  DeleteObjects: 0.150643 ms)

========================================================================
Received Prepare
Registering precompiled user dll's ...
Registered in 0.000895 seconds.
Begin MonoManager ReloadAssembly
Native extension for WindowsStandalone target not found
Native extension for WebGL target not found
Refreshing native plugins compatible for Editor in 0.44 ms, found 1 plugins.
Preloading 0 native plugins for Editor in 0.00 ms.
Mono: successfully reloaded assembly
- Completed reload, in  1.094 seconds
Platform modules already initialized, skipping
Refreshing native plugins compatible for Editor in 0.43 ms, found 1 plugins.
Preloading 0 native plugins for Editor in 0.00 ms.
Unloading 1809 Unused Serialized files (Serialized files now loaded: 0)
System memory in use before: 91.0 MB.
System memory in use after: 91.0 MB.

Unloading 12 unused Assets to reduce memory usage. Loaded Objects now: 2331.
Total: 2.442408 ms (FindLiveObjects: 0.233083 ms CreateObjectMapping: 0.100981 ms MarkObjects: 1.967302 ms  DeleteObjects: 0.139718 ms)

AssetImportWorkerClient::OnTransportError - code=2 error=End of file
