Using pre-set license
Built from '2020.3/release' branch; Version is '2020.3.7f1 (dd97f2c94397) revision 14522354'; Using compiler version '192528614'; Build Type 'Release'
OS: 'Windows 7  (6.1.0) 64bit' Language: 'ko' Physical Memory: 12171 MB
BatchMode: 1, IsHumanControllingUs: 0, StartBugReporterOnCrash: 0, Is64bit: 1, IsPro: 0

 COMMAND LINE ARGUMENTS:
D:\Unity\2020.3.7f1\Editor\Unity.exe
-adb2
-batchMode
-noUpm
-name
AssetImportWorker2
-projectPath
D:/UnityProject/GitHub/Practice/Prac_Bubble
-logFile
Logs/AssetImportWorker2.log
-srvPort
14374
Successfully changed project path to: D:/UnityProject/GitHub/Practice/Prac_Bubble
D:/UnityProject/GitHub/Practice/Prac_Bubble
Using Asset Import Pipeline V2.
Refreshing native plugins compatible for Editor in 40.17 ms, found 1 plugins.
Preloading 0 native plugins for Editor in 0.00 ms.
Initialize engine version: 2020.3.7f1 (dd97f2c94397)
[Subsystems] Discovering subsystems at path D:/Unity/2020.3.7f1/Editor/Data/Resources/UnitySubsystems
[Subsystems] Discovering subsystems at path D:/UnityProject/GitHub/Practice/Prac_Bubble/Assets
GfxDevice: creating device client; threaded=0
d3d11: CreateDXGIFactory2(...) not found, fallbacking to CreateDXGIFactory1(...).
d3d11: QueryInterface(IDXGIFactory5) failed (80004002).
Direct3D:
    Version:  Direct3D 11.0 [level 11.0]
    Renderer: NVIDIA GeForce GTX 1060 3GB (ID=0x1b84)
    Vendor:   
    VRAM:     2977 MB
    Driver:   27.21.14.6647
Initialize mono
Mono path[0] = 'D:/Unity/2020.3.7f1/Editor/Data/Managed'
Mono path[1] = 'D:/Unity/2020.3.7f1/Editor/Data/MonoBleedingEdge/lib/mono/unityjit'
Mono config path = 'D:/Unity/2020.3.7f1/Editor/Data/MonoBleedingEdge/etc'
Using monoOptions --debugger-agent=transport=dt_socket,embedding=1,server=y,suspend=n,address=127.0.0.1:56512
Begin MonoManager ReloadAssembly
Registering precompiled unity dll's ...
Register platform support module: D:/Unity/2020.3.7f1/Editor/Data/PlaybackEngines/WebGLSupport/UnityEditor.WebGL.Extensions.dll
Register platform support module: D:/Unity/2020.3.7f1/Editor/Data/PlaybackEngines/WindowsStandaloneSupport/UnityEditor.WindowsStandalone.Extensions.dll
Registered in 0.001010 seconds.
Native extension for WindowsStandalone target not found
Native extension for WebGL target not found
Refreshing native plugins compatible for Editor in 44.46 ms, found 1 plugins.
Preloading 0 native plugins for Editor in 0.00 ms.
Mono: successfully reloaded assembly
- Completed reload, in  2.455 seconds
Platform modules already initialized, skipping
Registering precompiled user dll's ...
Registered in 0.000848 seconds.
Begin MonoManager ReloadAssembly
Native extension for WindowsStandalone target not found
Native extension for WebGL target not found
Refreshing native plugins compatible for Editor in 43.53 ms, found 1 plugins.
Preloading 0 native plugins for Editor in 0.00 ms.
Mono: successfully reloaded assembly
- Completed reload, in  1.154 seconds
Platform modules already initialized, skipping
========================================================================
Worker process is ready to serve import requests
Launched and connected shader compiler UnityShaderCompiler.exe after 0.20 seconds
Refreshing native plugins compatible for Editor in 0.41 ms, found 1 plugins.
Preloading 0 native plugins for Editor in 0.00 ms.
Unloading 1811 Unused Serialized files (Serialized files now loaded: 0)
System memory in use before: 87.6 MB.
System memory in use after: 87.5 MB.

Unloading 24 unused Assets to reduce memory usage. Loaded Objects now: 2253.
Total: 2.638079 ms (FindLiveObjects: 0.258908 ms CreateObjectMapping: 0.126474 ms MarkObjects: 2.076229 ms  DeleteObjects: 0.175806 ms)

========================================================================
Received Import Request.
  path: Assets/Prefabs/BubbleMat.physicsMaterial2D
  artifactKey: Guid(8568917604cde2a4b9a3677aee4926a0) Importer(815301076,1909f56bfc062723c751e8b465ee728b)
Start importing Assets/Prefabs/BubbleMat.physicsMaterial2D using Guid(8568917604cde2a4b9a3677aee4926a0) Importer(815301076,1909f56bfc062723c751e8b465ee728b)  -> (artifact id: '0cb32c53e551694edf60f4584224232b') in 0.083902 seconds
  Import took 0.087357 seconds .

========================================================================
Received Import Request.
  Time since last request: 0.001063 seconds.
  path: Assets/Prefabs/MonsterA.prefab
  artifactKey: Guid(2f48e300447c0b542996ff822734a92c) Importer(815301076,1909f56bfc062723c751e8b465ee728b)
Start importing Assets/Prefabs/MonsterA.prefab using Guid(2f48e300447c0b542996ff822734a92c) Importer(815301076,1909f56bfc062723c751e8b465ee728b)  -> (artifact id: '39b7578ac2e7ea2a478744bfc4d6d302') in 0.158924 seconds
  Import took 0.162500 seconds .

========================================================================
Received Import Request.
  Time since last request: 0.001117 seconds.
  path: Assets/Prefabs/Bubble.prefab
  artifactKey: Guid(0d60271ccbe980046945d54e832e5891) Importer(815301076,1909f56bfc062723c751e8b465ee728b)
Start importing Assets/Prefabs/Bubble.prefab using Guid(0d60271ccbe980046945d54e832e5891) Importer(815301076,1909f56bfc062723c751e8b465ee728b)  -> (artifact id: 'f2f98c472d005868f5c258c116547e70') in 0.051886 seconds
  Import took 0.066325 seconds .

========================================================================
Received Import Request.
  Time since last request: 3.978155 seconds.
  path: Assets/Prefabs/Bubble.prefab
  artifactKey: Guid(0d60271ccbe980046945d54e832e5891) Importer(815301076,1909f56bfc062723c751e8b465ee728b)
Start importing Assets/Prefabs/Bubble.prefab using Guid(0d60271ccbe980046945d54e832e5891) Importer(815301076,1909f56bfc062723c751e8b465ee728b)  -> (artifact id: '59d6707243a57421d99c22747ffe31bd') in 0.011952 seconds
  Import took 0.015922 seconds .

========================================================================
Received Import Request.
  Time since last request: 0.062344 seconds.
  path: Assets/Prefabs/Bubble.prefab
  artifactKey: Guid(0d60271ccbe980046945d54e832e5891) Importer(815301076,1909f56bfc062723c751e8b465ee728b)
Start importing Assets/Prefabs/Bubble.prefab using Guid(0d60271ccbe980046945d54e832e5891) Importer(815301076,1909f56bfc062723c751e8b465ee728b)  -> (artifact id: '59d6707243a57421d99c22747ffe31bd') in 0.011441 seconds
  Import took 0.015638 seconds .

========================================================================
Received Import Request.
  Time since last request: 6.551310 seconds.
  path: Assets/Prefabs/Bubble.prefab
  artifactKey: Guid(0d60271ccbe980046945d54e832e5891) Importer(815301076,1909f56bfc062723c751e8b465ee728b)
Start importing Assets/Prefabs/Bubble.prefab using Guid(0d60271ccbe980046945d54e832e5891) Importer(815301076,1909f56bfc062723c751e8b465ee728b)  -> (artifact id: '3c071e44d0bc0152658f778a5ce53138') in 0.012631 seconds
  Import took 0.016688 seconds .

========================================================================
Received Import Request.
  Time since last request: 0.007632 seconds.
  path: Assets/Prefabs/Bubble.prefab
  artifactKey: Guid(0d60271ccbe980046945d54e832e5891) Importer(815301076,1909f56bfc062723c751e8b465ee728b)
Start importing Assets/Prefabs/Bubble.prefab using Guid(0d60271ccbe980046945d54e832e5891) Importer(815301076,1909f56bfc062723c751e8b465ee728b)  -> (artifact id: '3c071e44d0bc0152658f778a5ce53138') in 0.012487 seconds
  Import took 0.016585 seconds .

========================================================================
Received Prepare
Registering precompiled user dll's ...
Registered in 0.000791 seconds.
Begin MonoManager ReloadAssembly
Native extension for WindowsStandalone target not found
Native extension for WebGL target not found
Refreshing native plugins compatible for Editor in 0.40 ms, found 1 plugins.
Preloading 0 native plugins for Editor in 0.00 ms.
Mono: successfully reloaded assembly
- Completed reload, in  0.984 seconds
Platform modules already initialized, skipping
Refreshing native plugins compatible for Editor in 0.39 ms, found 1 plugins.
Preloading 0 native plugins for Editor in 0.00 ms.
Unloading 1806 Unused Serialized files (Serialized files now loaded: 0)
System memory in use before: 90.7 MB.
System memory in use after: 90.6 MB.

Unloading 12 unused Assets to reduce memory usage. Loaded Objects now: 2264.
Total: 2.372880 ms (FindLiveObjects: 0.222157 ms CreateObjectMapping: 0.084758 ms MarkObjects: 1.931545 ms  DeleteObjects: 0.133096 ms)

========================================================================
Received Prepare
Registering precompiled user dll's ...
Registered in 0.000705 seconds.
Begin MonoManager ReloadAssembly
Native extension for WindowsStandalone target not found
Native extension for WebGL target not found
Refreshing native plugins compatible for Editor in 0.45 ms, found 1 plugins.
Preloading 0 native plugins for Editor in 0.00 ms.
Mono: successfully reloaded assembly
- Completed reload, in  0.974 seconds
Platform modules already initialized, skipping
Refreshing native plugins compatible for Editor in 0.42 ms, found 1 plugins.
Preloading 0 native plugins for Editor in 0.00 ms.
Unloading 1806 Unused Serialized files (Serialized files now loaded: 0)
System memory in use before: 90.7 MB.
System memory in use after: 90.7 MB.

Unloading 12 unused Assets to reduce memory usage. Loaded Objects now: 2268.
Total: 2.450685 ms (FindLiveObjects: 0.194346 ms CreateObjectMapping: 0.087737 ms MarkObjects: 2.035505 ms  DeleteObjects: 0.132103 ms)

